testTank/Library/Bee/Android/Prj/Mono2x/Gradle/unityLibrary/build/intermediates/manifest_merge_blame_file/release/manifest-merger-blame-release-report.txt
1<?xml version="1.0" encoding="utf-8"?>
2<manifest xmlns:android="http://schemas.android.com/apk/res/android"
3    xmlns:tools="http://schemas.android.com/tools"
4    package="com.unity3d.player"
5    android:installLocation="preferExternal" >
6
7    <uses-sdk
8        android:minSdkVersion="24"
8-->src/main/AndroidManifest.xml
9        android:targetSdkVersion="34" />
9-->src/main/AndroidManifest.xml
10
11    <uses-permission android:name="android.permission.BLUETOOTH" />
11-->src/main/AndroidManifest.xml:3:3-66
11-->src/main/AndroidManifest.xml:3:20-63
12    <uses-permission android:name="android.permission.BLUETOOTH_ADMIN" />
12-->src/main/AndroidManifest.xml:4:3-72
12-->src/main/AndroidManifest.xml:4:20-69
13    <uses-permission android:name="android.permission.ACCESS_FINE_LOCATION" />
13-->src/main/AndroidManifest.xml:5:3-77
13-->src/main/AndroidManifest.xml:5:20-74
14    <uses-permission android:name="android.permission.ACCESS_COARSE_LOCATION" />
14-->src/main/AndroidManifest.xml:6:3-79
14-->src/main/AndroidManifest.xml:6:20-76
15    <uses-permission android:name="android.permission.ACCESS_BACKGROUND_LOCATION" />
15-->src/main/AndroidManifest.xml:7:3-83
15-->src/main/AndroidManifest.xml:7:20-80
16    <uses-permission android:name="android.permission.BLUETOOTH_SCAN" />
16-->src/main/AndroidManifest.xml:8:3-71
16-->src/main/AndroidManifest.xml:8:20-68
17    <uses-permission android:name="android.permission.BLUETOOTH_ADVERTISE" />
17-->src/main/AndroidManifest.xml:9:3-76
17-->src/main/AndroidManifest.xml:9:20-73
18    <uses-permission android:name="android.permission.BLUETOOTH_CONNECT" />
18-->src/main/AndroidManifest.xml:10:3-74
18-->src/main/AndroidManifest.xml:10:20-71
19    <uses-permission android:name="android.permission.REQUEST_COMPANION_RUN_IN_BACKGROUND" />
19-->src/main/AndroidManifest.xml:11:3-92
19-->src/main/AndroidManifest.xml:11:20-89
20    <uses-permission android:name="android.permission.REQUEST_COMPANION_USE_DATA_IN_BACKGROUND" />
20-->src/main/AndroidManifest.xml:12:3-97
20-->src/main/AndroidManifest.xml:12:20-94
21
22    <uses-feature
22-->src/main/AndroidManifest.xml:13:3-85
23        android:name="android.hardware.bluetooth"
23-->src/main/AndroidManifest.xml:13:17-58
24        android:required="true" />
24-->src/main/AndroidManifest.xml:13:59-82
25    <uses-feature
25-->src/main/AndroidManifest.xml:14:3-88
26        android:name="android.hardware.bluetooth_le"
26-->src/main/AndroidManifest.xml:14:17-61
27        android:required="true" />
27-->src/main/AndroidManifest.xml:14:62-85
28    <uses-feature android:name="android.software.companion_device_setup" />
28-->src/main/AndroidManifest.xml:15:3-74
28-->src/main/AndroidManifest.xml:15:17-71
29    <uses-feature android:glEsVersion="0x00030000" />
29-->src/main/AndroidManifest.xml:16:3-52
29-->src/main/AndroidManifest.xml:16:17-49
30    <uses-feature
30-->src/main/AndroidManifest.xml:17:3-91
31        android:name="android.hardware.vulkan.version"
31-->src/main/AndroidManifest.xml:17:17-63
32        android:required="false" />
32-->src/main/AndroidManifest.xml:17:64-88
33    <uses-feature
33-->src/main/AndroidManifest.xml:18:3-88
34        android:name="android.hardware.touchscreen"
34-->src/main/AndroidManifest.xml:18:17-60
35        android:required="false" />
35-->src/main/AndroidManifest.xml:18:61-85
36    <uses-feature
36-->src/main/AndroidManifest.xml:19:3-99
37        android:name="android.hardware.touchscreen.multitouch"
37-->src/main/AndroidManifest.xml:19:17-71
38        android:required="false" />
38-->src/main/AndroidManifest.xml:19:72-96
39    <uses-feature
39-->src/main/AndroidManifest.xml:20:3-108
40        android:name="android.hardware.touchscreen.multitouch.distinct"
40-->src/main/AndroidManifest.xml:20:17-80
41        android:required="false" />
41-->src/main/AndroidManifest.xml:20:81-105
42
43    <supports-screens
43-->src/main/AndroidManifest.xml:39:3-163
44        android:anyDensity="true"
44-->src/main/AndroidManifest.xml:39:135-160
45        android:largeScreens="true"
45-->src/main/AndroidManifest.xml:39:78-105
46        android:normalScreens="true"
46-->src/main/AndroidManifest.xml:39:49-77
47        android:smallScreens="true"
47-->src/main/AndroidManifest.xml:39:21-48
48        android:xlargeScreens="true" />
48-->src/main/AndroidManifest.xml:39:106-134
49
50    <application
50-->src/main/AndroidManifest.xml:21:3-38:17
51        android:extractNativeLibs="true"
51-->src/main/AndroidManifest.xml:21:123-155
52        android:icon="@mipmap/app_icon"
52-->src/main/AndroidManifest.xml:21:58-89
53        android:label="@string/app_name"
53-->src/main/AndroidManifest.xml:21:90-122
54        android:theme="@style/UnityThemeSelector" >
54-->src/main/AndroidManifest.xml:21:16-57
55        <meta-data
55-->src/main/AndroidManifest.xml:22:5-69
56            android:name="unity.splash-mode"
56-->src/main/AndroidManifest.xml:22:16-48
57            android:value="0" />
57-->src/main/AndroidManifest.xml:22:49-66
58        <meta-data
58-->src/main/AndroidManifest.xml:23:5-74
59            android:name="unity.splash-enable"
59-->src/main/AndroidManifest.xml:23:16-50
60            android:value="True" />
60-->src/main/AndroidManifest.xml:23:51-71
61        <meta-data
61-->src/main/AndroidManifest.xml:24:5-78
62            android:name="unity.launch-fullscreen"
62-->src/main/AndroidManifest.xml:24:16-54
63            android:value="True" />
63-->src/main/AndroidManifest.xml:24:55-75
64        <meta-data
64-->src/main/AndroidManifest.xml:25:5-84
65            android:name="unity.render-outside-safearea"
65-->src/main/AndroidManifest.xml:25:16-60
66            android:value="True" />
66-->src/main/AndroidManifest.xml:25:61-81
67        <meta-data
67-->src/main/AndroidManifest.xml:26:5-81
68            android:name="notch.config"
68-->src/main/AndroidManifest.xml:26:16-43
69            android:value="portrait|landscape" />
69-->src/main/AndroidManifest.xml:26:44-78
70        <meta-data
70-->src/main/AndroidManifest.xml:27:5-84
71            android:name="unity.auto-report-fully-drawn"
71-->src/main/AndroidManifest.xml:27:16-60
72            android:value="true" />
72-->src/main/AndroidManifest.xml:27:61-81
73
74        <activity
74-->src/main/AndroidManifest.xml:28:5-36:16
75            android:name="com.unity3d.player.UnityPlayerActivity"
75-->src/main/AndroidManifest.xml:28:15-68
76            android:configChanges="mcc|mnc|locale|touchscreen|keyboard|keyboardHidden|navigation|orientation|screenLayout|uiMode|screenSize|smallestScreenSize|fontScale|layoutDirection|density"
76-->src/main/AndroidManifest.xml:28:171-352
77            android:exported="true"
77-->src/main/AndroidManifest.xml:28:424-447
78            android:hardwareAccelerated="false"
78-->src/main/AndroidManifest.xml:28:388-423
79            android:label="@string/app_name"
79-->src/main/AndroidManifest.xml:28:69-101
80            android:launchMode="singleTask"
80-->src/main/AndroidManifest.xml:28:139-170
81            android:resizeableActivity="false"
81-->src/main/AndroidManifest.xml:28:353-387
82            android:screenOrientation="fullUser" >
82-->src/main/AndroidManifest.xml:28:102-138
83            <intent-filter>
83-->src/main/AndroidManifest.xml:29:7-33:23
84                <category android:name="android.intent.category.LAUNCHER" />
84-->src/main/AndroidManifest.xml:30:9-69
84-->src/main/AndroidManifest.xml:30:19-66
85
86                <action android:name="android.intent.action.MAIN" />
86-->src/main/AndroidManifest.xml:31:9-61
86-->src/main/AndroidManifest.xml:31:17-58
87                <action android:name="android.bluetooth.device.action.ACL_DISCONNECTED" />
87-->src/main/AndroidManifest.xml:32:9-83
87-->src/main/AndroidManifest.xml:32:17-80
88            </intent-filter>
89
90            <meta-data
90-->src/main/AndroidManifest.xml:34:7-82
91                android:name="unityplayer.UnityActivity"
91-->src/main/AndroidManifest.xml:34:18-58
92                android:value="true" />
92-->src/main/AndroidManifest.xml:34:59-79
93            <meta-data
93-->src/main/AndroidManifest.xml:35:7-70
94                android:name="notch_support"
94-->src/main/AndroidManifest.xml:35:18-46
95                android:value="true" />
95-->src/main/AndroidManifest.xml:35:47-67
96        </activity>
97        <activity
97-->src/main/AndroidManifest.xml:37:5-133
98            android:name="com.tony.bluetoothunityapi.EmptyActivity"
98-->src/main/AndroidManifest.xml:37:15-70
99            android:theme="@android:style/Theme.Translucent.NoTitleBar" />
99-->src/main/AndroidManifest.xml:37:71-130
100    </application>
101
102</manifest>